[2026-03-24 11:42:08] Google Login Attempt: 
HTTP Code: 200 
Response: {
  "iss": "https://accounts.google.com",
  "azp": "416501247740-4aerep5pph23s0g6vakgo2gtaivem2jm.apps.googleusercontent.com",
  "aud": "416501247740-4aerep5pph23s0g6vakgo2gtaivem2jm.apps.googleusercontent.com",
  "sub": "101980230843264263979",
  "email": "biltektasarim@gmail.com",
  "email_verified": "true",
  "nbf": "1774352224",
  "name": "Cuma YILMAZ",
  "picture": "https://lh3.googleusercontent.com/a/ACg8ocJRTW4_FFMF4XB1HSKYruABWe_93ODQ0qy1HUXHVL096Q9m37o=s96-c",
  "given_name": "Cuma",
  "family_name": "YILMAZ",
  "iat": "1774352524",
  "exp": "1774356124",
  "jti": "973c34dfd6e4a782c78fb7de294deadde6542393",
  "alg": "RS256",
  "kid": "c41f141aa19df0ac97daa55e600766c4c5364c42",
  "typ": "JWT"
}
 

[2026-03-25 18:46:01] Google Login Attempt: 
HTTP Code: 200 
Response: {
  "iss": "https://accounts.google.com",
  "azp": "416501247740-4aerep5pph23s0g6vakgo2gtaivem2jm.apps.googleusercontent.com",
  "aud": "416501247740-4aerep5pph23s0g6vakgo2gtaivem2jm.apps.googleusercontent.com",
  "sub": "101980230843264263979",
  "email": "biltektasarim@gmail.com",
  "email_verified": "true",
  "nbf": "1774453260",
  "name": "Cuma YILMAZ",
  "picture": "https://lh3.googleusercontent.com/a/ACg8ocJRTW4_FFMF4XB1HSKYruABWe_93ODQ0qy1HUXHVL096Q9m37o=s96-c",
  "given_name": "Cuma",
  "family_name": "YILMAZ",
  "iat": "1774453560",
  "exp": "1774457160",
  "jti": "ad409891ead0078d159d1a1d7348e0a7c0cfdf99",
  "alg": "RS256",
  "kid": "a10e58df55e728566ec56bda6eb3bd45439f35d7",
  "typ": "JWT"
}
 

[2026-03-25 18:46:19] Google Login Attempt: 
HTTP Code: 200 
Response: {
  "iss": "https://accounts.google.com",
  "azp": "416501247740-4aerep5pph23s0g6vakgo2gtaivem2jm.apps.googleusercontent.com",
  "aud": "416501247740-4aerep5pph23s0g6vakgo2gtaivem2jm.apps.googleusercontent.com",
  "sub": "101980230843264263979",
  "email": "biltektasarim@gmail.com",
  "email_verified": "true",
  "nbf": "1774453279",
  "name": "Cuma YILMAZ",
  "picture": "https://lh3.googleusercontent.com/a/ACg8ocJRTW4_FFMF4XB1HSKYruABWe_93ODQ0qy1HUXHVL096Q9m37o=s96-c",
  "given_name": "Cuma",
  "family_name": "YILMAZ",
  "iat": "1774453579",
  "exp": "1774457179",
  "jti": "95a7f9708c28a29deb62bf9eeb2c6c20ecaee8d1",
  "alg": "RS256",
  "kid": "a10e58df55e728566ec56bda6eb3bd45439f35d7",
  "typ": "JWT"
}
 

[2026-03-25 18:46:43] Google Login Attempt: 
HTTP Code: 200 
Response: {
  "iss": "https://accounts.google.com",
  "azp": "416501247740-4aerep5pph23s0g6vakgo2gtaivem2jm.apps.googleusercontent.com",
  "aud": "416501247740-4aerep5pph23s0g6vakgo2gtaivem2jm.apps.googleusercontent.com",
  "sub": "101980230843264263979",
  "email": "biltektasarim@gmail.com",
  "email_verified": "true",
  "nbf": "1774453302",
  "name": "Cuma YILMAZ",
  "picture": "https://lh3.googleusercontent.com/a/ACg8ocJRTW4_FFMF4XB1HSKYruABWe_93ODQ0qy1HUXHVL096Q9m37o=s96-c",
  "given_name": "Cuma",
  "family_name": "YILMAZ",
  "iat": "1774453602",
  "exp": "1774457202",
  "jti": "199100b2194f41a81f9d2045c79ce06679b1464f",
  "alg": "RS256",
  "kid": "a10e58df55e728566ec56bda6eb3bd45439f35d7",
  "typ": "JWT"
}
 

[2026-03-25 18:47:38] Google Login Attempt: 
HTTP Code: 200 
Response: {
  "iss": "https://accounts.google.com",
  "azp": "416501247740-4aerep5pph23s0g6vakgo2gtaivem2jm.apps.googleusercontent.com",
  "aud": "416501247740-4aerep5pph23s0g6vakgo2gtaivem2jm.apps.googleusercontent.com",
  "sub": "101980230843264263979",
  "email": "biltektasarim@gmail.com",
  "email_verified": "true",
  "nbf": "1774453357",
  "name": "Cuma YILMAZ",
  "picture": "https://lh3.googleusercontent.com/a/ACg8ocJRTW4_FFMF4XB1HSKYruABWe_93ODQ0qy1HUXHVL096Q9m37o=s96-c",
  "given_name": "Cuma",
  "family_name": "YILMAZ",
  "iat": "1774453657",
  "exp": "1774457257",
  "jti": "25a41f3ff1b9b584ec144dbf572d453cce206b3c",
  "alg": "RS256",
  "kid": "a10e58df55e728566ec56bda6eb3bd45439f35d7",
  "typ": "JWT"
}
 

[2026-03-25 18:49:08] Google Login Attempt: 
HTTP Code: 200 
Response: {
  "iss": "https://accounts.google.com",
  "azp": "416501247740-4aerep5pph23s0g6vakgo2gtaivem2jm.apps.googleusercontent.com",
  "aud": "416501247740-4aerep5pph23s0g6vakgo2gtaivem2jm.apps.googleusercontent.com",
  "sub": "101980230843264263979",
  "email": "biltektasarim@gmail.com",
  "email_verified": "true",
  "nbf": "1774453447",
  "name": "Cuma YILMAZ",
  "picture": "https://lh3.googleusercontent.com/a/ACg8ocJRTW4_FFMF4XB1HSKYruABWe_93ODQ0qy1HUXHVL096Q9m37o=s96-c",
  "given_name": "Cuma",
  "family_name": "YILMAZ",
  "iat": "1774453747",
  "exp": "1774457347",
  "jti": "1c20d3eecfc9343ef5759ca6b554ccb766159ea3",
  "alg": "RS256",
  "kid": "a10e58df55e728566ec56bda6eb3bd45439f35d7",
  "typ": "JWT"
}
 

[2026-03-25 19:22:19] Google Login Attempt: 
HTTP Code: 200 
Response: {
  "iss": "https://accounts.google.com",
  "azp": "416501247740-4aerep5pph23s0g6vakgo2gtaivem2jm.apps.googleusercontent.com",
  "aud": "416501247740-4aerep5pph23s0g6vakgo2gtaivem2jm.apps.googleusercontent.com",
  "sub": "101980230843264263979",
  "email": "biltektasarim@gmail.com",
  "email_verified": "true",
  "nbf": "1774455438",
  "name": "Cuma YILMAZ",
  "picture": "https://lh3.googleusercontent.com/a/ACg8ocJRTW4_FFMF4XB1HSKYruABWe_93ODQ0qy1HUXHVL096Q9m37o=s96-c",
  "given_name": "Cuma",
  "family_name": "YILMAZ",
  "iat": "1774455738",
  "exp": "1774459338",
  "jti": "87bf4bacc8491e97e456b108334ac8769868b0ef",
  "alg": "RS256",
  "kid": "c41f141aa19df0ac97daa55e600766c4c5364c42",
  "typ": "JWT"
}
 

[2026-03-25 19:27:53] Google Login Attempt: 
HTTP Code: 200 
Response: {
  "iss": "https://accounts.google.com",
  "azp": "416501247740-4aerep5pph23s0g6vakgo2gtaivem2jm.apps.googleusercontent.com",
  "aud": "416501247740-4aerep5pph23s0g6vakgo2gtaivem2jm.apps.googleusercontent.com",
  "sub": "101980230843264263979",
  "email": "biltektasarim@gmail.com",
  "email_verified": "true",
  "nbf": "1774455771",
  "name": "Cuma YILMAZ",
  "picture": "https://lh3.googleusercontent.com/a/ACg8ocJRTW4_FFMF4XB1HSKYruABWe_93ODQ0qy1HUXHVL096Q9m37o=s96-c",
  "given_name": "Cuma",
  "family_name": "YILMAZ",
  "iat": "1774456071",
  "exp": "1774459671",
  "jti": "51f59e2c666f8c21b6e529bdcc7bf381f6206971",
  "alg": "RS256",
  "kid": "c41f141aa19df0ac97daa55e600766c4c5364c42",
  "typ": "JWT"
}
 

[2026-03-25 19:28:53] Google Login Attempt: 
HTTP Code: 200 
Response: {
  "iss": "https://accounts.google.com",
  "azp": "416501247740-4aerep5pph23s0g6vakgo2gtaivem2jm.apps.googleusercontent.com",
  "aud": "416501247740-4aerep5pph23s0g6vakgo2gtaivem2jm.apps.googleusercontent.com",
  "sub": "101980230843264263979",
  "email": "biltektasarim@gmail.com",
  "email_verified": "true",
  "nbf": "1774455832",
  "name": "Cuma YILMAZ",
  "picture": "https://lh3.googleusercontent.com/a/ACg8ocJRTW4_FFMF4XB1HSKYruABWe_93ODQ0qy1HUXHVL096Q9m37o=s96-c",
  "given_name": "Cuma",
  "family_name": "YILMAZ",
  "iat": "1774456132",
  "exp": "1774459732",
  "jti": "17a527ee0e84feac8aee4c61f65c9bbc573800a4",
  "alg": "RS256",
  "kid": "c41f141aa19df0ac97daa55e600766c4c5364c42",
  "typ": "JWT"
}
 

[2026-03-25 23:46:21] Google Login Attempt: 
HTTP Code: 200 
Response: {
  "iss": "https://accounts.google.com",
  "azp": "416501247740-4aerep5pph23s0g6vakgo2gtaivem2jm.apps.googleusercontent.com",
  "aud": "416501247740-4aerep5pph23s0g6vakgo2gtaivem2jm.apps.googleusercontent.com",
  "sub": "101980230843264263979",
  "email": "biltektasarim@gmail.com",
  "email_verified": "true",
  "nbf": "1774471279",
  "name": "Cuma YILMAZ",
  "picture": "https://lh3.googleusercontent.com/a/ACg8ocJRTW4_FFMF4XB1HSKYruABWe_93ODQ0qy1HUXHVL096Q9m37o=s96-c",
  "given_name": "Cuma",
  "family_name": "YILMAZ",
  "iat": "1774471579",
  "exp": "1774475179",
  "jti": "6da8541a4bacab0d506ab82374f6bb463a88c531",
  "alg": "RS256",
  "kid": "a10e58df55e728566ec56bda6eb3bd45439f35d7",
  "typ": "JWT"
}
 

[2026-03-26 11:46:28] Google Login Attempt: 
HTTP Code: 200 
Response: {
  "iss": "https://accounts.google.com",
  "azp": "416501247740-61ht6cmar625lnddim985v95gimbc8i7.apps.googleusercontent.com",
  "aud": "416501247740-4aerep5pph23s0g6vakgo2gtaivem2jm.apps.googleusercontent.com",
  "sub": "101980230843264263979",
  "email": "biltektasarim@gmail.com",
  "email_verified": "true",
  "name": "Cuma YILMAZ",
  "picture": "https://lh3.googleusercontent.com/a/ACg8ocJRTW4_FFMF4XB1HSKYruABWe_93ODQ0qy1HUXHVL096Q9m37o=s96-c",
  "given_name": "Cuma",
  "family_name": "YILMAZ",
  "iat": "1774514787",
  "exp": "1774518387",
  "alg": "RS256",
  "kid": "c41f141aa19df0ac97daa55e600766c4c5364c42",
  "typ": "JWT"
}
 

[2026-03-26 12:46:31] Google Login Attempt: 
HTTP Code: 200 
Response: {
  "iss": "https://accounts.google.com",
  "azp": "416501247740-61ht6cmar625lnddim985v95gimbc8i7.apps.googleusercontent.com",
  "aud": "416501247740-4aerep5pph23s0g6vakgo2gtaivem2jm.apps.googleusercontent.com",
  "sub": "108679037565975427040",
  "email": "kilicticaret21@gmail.com",
  "email_verified": "true",
  "name": "şeyhmus kılıç",
  "picture": "https://lh3.googleusercontent.com/a/ACg8ocLqGgC9UW3-rpGnWwLc2G0ffF42_0zPRT3C_So2qFUUQKUCOg=s96-c",
  "given_name": "şeyhmus",
  "family_name": "kılıç",
  "iat": "1774518390",
  "exp": "1774521990",
  "alg": "RS256",
  "kid": "c41f141aa19df0ac97daa55e600766c4c5364c42",
  "typ": "JWT"
}
 

[2026-03-26 13:11:24] Google Login Attempt: 
HTTP Code: 200 
Response: {
  "iss": "https://accounts.google.com",
  "azp": "416501247740-4aerep5pph23s0g6vakgo2gtaivem2jm.apps.googleusercontent.com",
  "aud": "416501247740-4aerep5pph23s0g6vakgo2gtaivem2jm.apps.googleusercontent.com",
  "sub": "101980230843264263979",
  "email": "biltektasarim@gmail.com",
  "email_verified": "true",
  "nbf": "1774519582",
  "name": "Cuma YILMAZ",
  "picture": "https://lh3.googleusercontent.com/a/ACg8ocJRTW4_FFMF4XB1HSKYruABWe_93ODQ0qy1HUXHVL096Q9m37o=s96-c",
  "given_name": "Cuma",
  "family_name": "YILMAZ",
  "iat": "1774519882",
  "exp": "1774523482",
  "jti": "3b8f5be700cfd6a33e753d1543a7769008da1dad",
  "alg": "RS256",
  "kid": "c41f141aa19df0ac97daa55e600766c4c5364c42",
  "typ": "JWT"
}
 

[2026-03-26 13:12:03] Google Login Attempt: 
HTTP Code: 200 
Response: {
  "iss": "https://accounts.google.com",
  "azp": "416501247740-4aerep5pph23s0g6vakgo2gtaivem2jm.apps.googleusercontent.com",
  "aud": "416501247740-4aerep5pph23s0g6vakgo2gtaivem2jm.apps.googleusercontent.com",
  "sub": "101980230843264263979",
  "email": "biltektasarim@gmail.com",
  "email_verified": "true",
  "nbf": "1774519621",
  "name": "Cuma YILMAZ",
  "picture": "https://lh3.googleusercontent.com/a/ACg8ocJRTW4_FFMF4XB1HSKYruABWe_93ODQ0qy1HUXHVL096Q9m37o=s96-c",
  "given_name": "Cuma",
  "family_name": "YILMAZ",
  "iat": "1774519921",
  "exp": "1774523521",
  "jti": "2933979716ef517d1ab121295c1342fc98141472",
  "alg": "RS256",
  "kid": "c41f141aa19df0ac97daa55e600766c4c5364c42",
  "typ": "JWT"
}
 

[2026-03-26 14:01:01] Google Login Attempt: 
HTTP Code: 200 
Response: {
  "iss": "https://accounts.google.com",
  "azp": "416501247740-61ht6cmar625lnddim985v95gimbc8i7.apps.googleusercontent.com",
  "aud": "416501247740-4aerep5pph23s0g6vakgo2gtaivem2jm.apps.googleusercontent.com",
  "sub": "101980230843264263979",
  "email": "biltektasarim@gmail.com",
  "email_verified": "true",
  "name": "Cuma YILMAZ",
  "picture": "https://lh3.googleusercontent.com/a/ACg8ocJRTW4_FFMF4XB1HSKYruABWe_93ODQ0qy1HUXHVL096Q9m37o=s96-c",
  "given_name": "Cuma",
  "family_name": "YILMAZ",
  "iat": "1774522858",
  "exp": "1774526458",
  "alg": "RS256",
  "kid": "a10e58df55e728566ec56bda6eb3bd45439f35d7",
  "typ": "JWT"
}
 

[2026-03-26 14:08:33] Google Login Attempt: 
HTTP Code: 200 
Response: {
  "iss": "https://accounts.google.com",
  "azp": "416501247740-61ht6cmar625lnddim985v95gimbc8i7.apps.googleusercontent.com",
  "aud": "416501247740-4aerep5pph23s0g6vakgo2gtaivem2jm.apps.googleusercontent.com",
  "sub": "101980230843264263979",
  "email": "biltektasarim@gmail.com",
  "email_verified": "true",
  "name": "Cuma YILMAZ",
  "picture": "https://lh3.googleusercontent.com/a/ACg8ocJRTW4_FFMF4XB1HSKYruABWe_93ODQ0qy1HUXHVL096Q9m37o=s96-c",
  "given_name": "Cuma",
  "family_name": "YILMAZ",
  "iat": "1774522858",
  "exp": "1774526458",
  "alg": "RS256",
  "kid": "a10e58df55e728566ec56bda6eb3bd45439f35d7",
  "typ": "JWT"
}
 

[2026-03-26 14:48:49] Google Login Attempt: 
HTTP Code: 200 
Response: {
  "iss": "https://accounts.google.com",
  "azp": "416501247740-61ht6cmar625lnddim985v95gimbc8i7.apps.googleusercontent.com",
  "aud": "416501247740-4aerep5pph23s0g6vakgo2gtaivem2jm.apps.googleusercontent.com",
  "sub": "101980230843264263979",
  "email": "biltektasarim@gmail.com",
  "email_verified": "true",
  "name": "Cuma YILMAZ",
  "picture": "https://lh3.googleusercontent.com/a/ACg8ocJRTW4_FFMF4XB1HSKYruABWe_93ODQ0qy1HUXHVL096Q9m37o=s96-c",
  "given_name": "Cuma",
  "family_name": "YILMAZ",
  "iat": "1774522858",
  "exp": "1774526458",
  "alg": "RS256",
  "kid": "a10e58df55e728566ec56bda6eb3bd45439f35d7",
  "typ": "JWT"
}
 

[2026-03-26 16:09:59] Google Login Attempt: 
HTTP Code: 200 
Response: {
  "iss": "https://accounts.google.com",
  "azp": "416501247740-4aerep5pph23s0g6vakgo2gtaivem2jm.apps.googleusercontent.com",
  "aud": "416501247740-4aerep5pph23s0g6vakgo2gtaivem2jm.apps.googleusercontent.com",
  "sub": "101980230843264263979",
  "email": "biltektasarim@gmail.com",
  "email_verified": "true",
  "nbf": "1774530297",
  "name": "Cuma YILMAZ",
  "picture": "https://lh3.googleusercontent.com/a/ACg8ocJRTW4_FFMF4XB1HSKYruABWe_93ODQ0qy1HUXHVL096Q9m37o=s96-c",
  "given_name": "Cuma",
  "family_name": "YILMAZ",
  "iat": "1774530597",
  "exp": "1774534197",
  "jti": "1b39e50d44303288b1ed243d53cbcd551ce0131f",
  "alg": "RS256",
  "kid": "c41f141aa19df0ac97daa55e600766c4c5364c42",
  "typ": "JWT"
}
 

[2026-03-26 16:28:13] Google Login Attempt: 
HTTP Code: 200 
Response: {
  "iss": "https://accounts.google.com",
  "azp": "416501247740-4aerep5pph23s0g6vakgo2gtaivem2jm.apps.googleusercontent.com",
  "aud": "416501247740-4aerep5pph23s0g6vakgo2gtaivem2jm.apps.googleusercontent.com",
  "sub": "101980230843264263979",
  "email": "biltektasarim@gmail.com",
  "email_verified": "true",
  "nbf": "1774531391",
  "name": "Cuma YILMAZ",
  "picture": "https://lh3.googleusercontent.com/a/ACg8ocJRTW4_FFMF4XB1HSKYruABWe_93ODQ0qy1HUXHVL096Q9m37o=s96-c",
  "given_name": "Cuma",
  "family_name": "YILMAZ",
  "iat": "1774531691",
  "exp": "1774535291",
  "jti": "0341b2c35ea5bfbc4cdb5efe72215c0ef7a5df65",
  "alg": "RS256",
  "kid": "c41f141aa19df0ac97daa55e600766c4c5364c42",
  "typ": "JWT"
}
 

[2026-03-26 16:41:52] Google Login Attempt: 
HTTP Code: 200 
Response: {
  "iss": "https://accounts.google.com",
  "azp": "416501247740-4aerep5pph23s0g6vakgo2gtaivem2jm.apps.googleusercontent.com",
  "aud": "416501247740-4aerep5pph23s0g6vakgo2gtaivem2jm.apps.googleusercontent.com",
  "sub": "101980230843264263979",
  "email": "biltektasarim@gmail.com",
  "email_verified": "true",
  "nbf": "1774532210",
  "name": "Cuma YILMAZ",
  "picture": "https://lh3.googleusercontent.com/a/ACg8ocJRTW4_FFMF4XB1HSKYruABWe_93ODQ0qy1HUXHVL096Q9m37o=s96-c",
  "given_name": "Cuma",
  "family_name": "YILMAZ",
  "iat": "1774532510",
  "exp": "1774536110",
  "jti": "4d535987c4b451bca35c4e2e909ae16f54947800",
  "alg": "RS256",
  "kid": "c41f141aa19df0ac97daa55e600766c4c5364c42",
  "typ": "JWT"
}
 

[2026-03-26 16:43:22] Google Login Attempt: 
HTTP Code: 200 
Response: {
  "iss": "https://accounts.google.com",
  "azp": "416501247740-4aerep5pph23s0g6vakgo2gtaivem2jm.apps.googleusercontent.com",
  "aud": "416501247740-4aerep5pph23s0g6vakgo2gtaivem2jm.apps.googleusercontent.com",
  "sub": "101980230843264263979",
  "email": "biltektasarim@gmail.com",
  "email_verified": "true",
  "nbf": "1774532301",
  "name": "Cuma YILMAZ",
  "picture": "https://lh3.googleusercontent.com/a/ACg8ocJRTW4_FFMF4XB1HSKYruABWe_93ODQ0qy1HUXHVL096Q9m37o=s96-c",
  "given_name": "Cuma",
  "family_name": "YILMAZ",
  "iat": "1774532601",
  "exp": "1774536201",
  "jti": "0ed4d6ee8b8f6072fe21fe952b5cae4be02b7f19",
  "alg": "RS256",
  "kid": "c41f141aa19df0ac97daa55e600766c4c5364c42",
  "typ": "JWT"
}
 

[2026-03-26 16:43:58] Google Login Attempt: 
HTTP Code: 200 
Response: {
  "iss": "https://accounts.google.com",
  "azp": "416501247740-4aerep5pph23s0g6vakgo2gtaivem2jm.apps.googleusercontent.com",
  "aud": "416501247740-4aerep5pph23s0g6vakgo2gtaivem2jm.apps.googleusercontent.com",
  "sub": "101980230843264263979",
  "email": "biltektasarim@gmail.com",
  "email_verified": "true",
  "nbf": "1774532336",
  "name": "Cuma YILMAZ",
  "picture": "https://lh3.googleusercontent.com/a/ACg8ocJRTW4_FFMF4XB1HSKYruABWe_93ODQ0qy1HUXHVL096Q9m37o=s96-c",
  "given_name": "Cuma",
  "family_name": "YILMAZ",
  "iat": "1774532636",
  "exp": "1774536236",
  "jti": "9076349eda8c87769786ae92aecdfa8216759f83",
  "alg": "RS256",
  "kid": "c41f141aa19df0ac97daa55e600766c4c5364c42",
  "typ": "JWT"
}
 

[2026-03-26 17:00:42] Google Login Attempt: 
HTTP Code: 200 
Response: {
  "iss": "https://accounts.google.com",
  "azp": "416501247740-4aerep5pph23s0g6vakgo2gtaivem2jm.apps.googleusercontent.com",
  "aud": "416501247740-4aerep5pph23s0g6vakgo2gtaivem2jm.apps.googleusercontent.com",
  "sub": "101980230843264263979",
  "email": "biltektasarim@gmail.com",
  "email_verified": "true",
  "nbf": "1774533340",
  "name": "Cuma YILMAZ",
  "picture": "https://lh3.googleusercontent.com/a/ACg8ocJRTW4_FFMF4XB1HSKYruABWe_93ODQ0qy1HUXHVL096Q9m37o=s96-c",
  "given_name": "Cuma",
  "family_name": "YILMAZ",
  "iat": "1774533640",
  "exp": "1774537240",
  "jti": "fab57d22b9fc245571272635e2b466ace9939006",
  "alg": "RS256",
  "kid": "a10e58df55e728566ec56bda6eb3bd45439f35d7",
  "typ": "JWT"
}
 

[2026-03-26 17:08:52] Google Login Attempt: 
HTTP Code: 200 
Response: {
  "iss": "https://accounts.google.com",
  "azp": "416501247740-4aerep5pph23s0g6vakgo2gtaivem2jm.apps.googleusercontent.com",
  "aud": "416501247740-4aerep5pph23s0g6vakgo2gtaivem2jm.apps.googleusercontent.com",
  "sub": "101980230843264263979",
  "email": "biltektasarim@gmail.com",
  "email_verified": "true",
  "nbf": "1774533829",
  "name": "Cuma YILMAZ",
  "picture": "https://lh3.googleusercontent.com/a/ACg8ocJRTW4_FFMF4XB1HSKYruABWe_93ODQ0qy1HUXHVL096Q9m37o=s96-c",
  "given_name": "Cuma",
  "family_name": "YILMAZ",
  "iat": "1774534129",
  "exp": "1774537729",
  "jti": "27bd0282263de3dfe94a218e94a0769be78b8b59",
  "alg": "RS256",
  "kid": "a10e58df55e728566ec56bda6eb3bd45439f35d7",
  "typ": "JWT"
}
 

[2026-03-26 18:48:53] Google Login Attempt: 
HTTP Code: 200 
Response: {
  "iss": "https://accounts.google.com",
  "azp": "416501247740-4aerep5pph23s0g6vakgo2gtaivem2jm.apps.googleusercontent.com",
  "aud": "416501247740-4aerep5pph23s0g6vakgo2gtaivem2jm.apps.googleusercontent.com",
  "sub": "115460435753310909220",
  "email": "esrafrb@gmail.com",
  "email_verified": "true",
  "nbf": "1774539831",
  "name": "Esra Cuma GÜNEŞ YILMAZ",
  "picture": "https://lh3.googleusercontent.com/a/ACg8ocLqxGg_jlch80TH4kCQKbk5CxyfpeqU48kFqkBvKyYLmKN3Yf8=s96-c",
  "given_name": "Esra Cuma",
  "family_name": "GÜNEŞ YILMAZ",
  "iat": "1774540131",
  "exp": "1774543731",
  "jti": "f09b2189b770f95ffcba91cdabda60793cdd8d3f",
  "alg": "RS256",
  "kid": "a10e58df55e728566ec56bda6eb3bd45439f35d7",
  "typ": "JWT"
}
 

[2026-03-26 18:49:23] Google Login Attempt: 
HTTP Code: 200 
Response: {
  "iss": "https://accounts.google.com",
  "azp": "416501247740-4aerep5pph23s0g6vakgo2gtaivem2jm.apps.googleusercontent.com",
  "aud": "416501247740-4aerep5pph23s0g6vakgo2gtaivem2jm.apps.googleusercontent.com",
  "sub": "115460435753310909220",
  "email": "esrafrb@gmail.com",
  "email_verified": "true",
  "nbf": "1774539861",
  "name": "Esra Cuma GÜNEŞ YILMAZ",
  "picture": "https://lh3.googleusercontent.com/a/ACg8ocLqxGg_jlch80TH4kCQKbk5CxyfpeqU48kFqkBvKyYLmKN3Yf8=s96-c",
  "given_name": "Esra Cuma",
  "family_name": "GÜNEŞ YILMAZ",
  "iat": "1774540161",
  "exp": "1774543761",
  "jti": "15ef699f36ed85355dcc6e695780c49cba0b7182",
  "alg": "RS256",
  "kid": "a10e58df55e728566ec56bda6eb3bd45439f35d7",
  "typ": "JWT"
}
 

[2026-03-26 19:44:38] Google Login Attempt: 
HTTP Code: 200 
Response: {
  "iss": "https://accounts.google.com",
  "azp": "416501247740-4aerep5pph23s0g6vakgo2gtaivem2jm.apps.googleusercontent.com",
  "aud": "416501247740-4aerep5pph23s0g6vakgo2gtaivem2jm.apps.googleusercontent.com",
  "sub": "101980230843264263979",
  "email": "biltektasarim@gmail.com",
  "email_verified": "true",
  "nbf": "1774543177",
  "name": "Cuma YILMAZ",
  "picture": "https://lh3.googleusercontent.com/a/ACg8ocJRTW4_FFMF4XB1HSKYruABWe_93ODQ0qy1HUXHVL096Q9m37o=s96-c",
  "given_name": "Cuma",
  "family_name": "YILMAZ",
  "iat": "1774543477",
  "exp": "1774547077",
  "jti": "b536ba2536c419ee5b8220f59d75a7c41b584221",
  "alg": "RS256",
  "kid": "a10e58df55e728566ec56bda6eb3bd45439f35d7",
  "typ": "JWT"
}
 

[2026-03-26 20:03:24] Google Login Attempt: 
HTTP Code: 200 
Response: {
  "iss": "https://accounts.google.com",
  "azp": "416501247740-4aerep5pph23s0g6vakgo2gtaivem2jm.apps.googleusercontent.com",
  "aud": "416501247740-4aerep5pph23s0g6vakgo2gtaivem2jm.apps.googleusercontent.com",
  "sub": "101980230843264263979",
  "email": "biltektasarim@gmail.com",
  "email_verified": "true",
  "nbf": "1774544302",
  "name": "Cuma YILMAZ",
  "picture": "https://lh3.googleusercontent.com/a/ACg8ocJRTW4_FFMF4XB1HSKYruABWe_93ODQ0qy1HUXHVL096Q9m37o=s96-c",
  "given_name": "Cuma",
  "family_name": "YILMAZ",
  "iat": "1774544602",
  "exp": "1774548202",
  "jti": "e8008c85f230ae8241d5f9e4fabe2b651e845ae1",
  "alg": "RS256",
  "kid": "a10e58df55e728566ec56bda6eb3bd45439f35d7",
  "typ": "JWT"
}
 

[2026-03-26 20:56:51] Google Login Attempt: 
HTTP Code: 200 
Response: {
  "iss": "https://accounts.google.com",
  "azp": "416501247740-4aerep5pph23s0g6vakgo2gtaivem2jm.apps.googleusercontent.com",
  "aud": "416501247740-4aerep5pph23s0g6vakgo2gtaivem2jm.apps.googleusercontent.com",
  "sub": "101980230843264263979",
  "email": "biltektasarim@gmail.com",
  "email_verified": "true",
  "nbf": "1774547510",
  "name": "Cuma YILMAZ",
  "picture": "https://lh3.googleusercontent.com/a/ACg8ocJRTW4_FFMF4XB1HSKYruABWe_93ODQ0qy1HUXHVL096Q9m37o=s96-c",
  "given_name": "Cuma",
  "family_name": "YILMAZ",
  "iat": "1774547810",
  "exp": "1774551410",
  "jti": "845e6590dcdb8c7783bdb6b96da4bf599a2a691e",
  "alg": "RS256",
  "kid": "a10e58df55e728566ec56bda6eb3bd45439f35d7",
  "typ": "JWT"
}
 

[2026-03-26 21:08:00] Google Login Attempt: 
HTTP Code: 200 
Response: {
  "iss": "https://accounts.google.com",
  "azp": "416501247740-4aerep5pph23s0g6vakgo2gtaivem2jm.apps.googleusercontent.com",
  "aud": "416501247740-4aerep5pph23s0g6vakgo2gtaivem2jm.apps.googleusercontent.com",
  "sub": "101980230843264263979",
  "email": "biltektasarim@gmail.com",
  "email_verified": "true",
  "nbf": "1774548178",
  "name": "Cuma YILMAZ",
  "picture": "https://lh3.googleusercontent.com/a/ACg8ocJRTW4_FFMF4XB1HSKYruABWe_93ODQ0qy1HUXHVL096Q9m37o=s96-c",
  "given_name": "Cuma",
  "family_name": "YILMAZ",
  "iat": "1774548478",
  "exp": "1774552078",
  "jti": "40130d354838235990339e051a123e5b6be0cd74",
  "alg": "RS256",
  "kid": "a10e58df55e728566ec56bda6eb3bd45439f35d7",
  "typ": "JWT"
}
 

[2026-03-26 21:10:33] Google Login Attempt: 
HTTP Code: 200 
Response: {
  "iss": "https://accounts.google.com",
  "azp": "416501247740-4aerep5pph23s0g6vakgo2gtaivem2jm.apps.googleusercontent.com",
  "aud": "416501247740-4aerep5pph23s0g6vakgo2gtaivem2jm.apps.googleusercontent.com",
  "sub": "101980230843264263979",
  "email": "biltektasarim@gmail.com",
  "email_verified": "true",
  "nbf": "1774548331",
  "name": "Cuma YILMAZ",
  "picture": "https://lh3.googleusercontent.com/a/ACg8ocJRTW4_FFMF4XB1HSKYruABWe_93ODQ0qy1HUXHVL096Q9m37o=s96-c",
  "given_name": "Cuma",
  "family_name": "YILMAZ",
  "iat": "1774548631",
  "exp": "1774552231",
  "jti": "78440ef3e706ef966333a5d46c2bbd5eb991a0f4",
  "alg": "RS256",
  "kid": "a10e58df55e728566ec56bda6eb3bd45439f35d7",
  "typ": "JWT"
}
 

[2026-03-26 21:12:37] Google Login Attempt: 
HTTP Code: 200 
Response: {
  "iss": "https://accounts.google.com",
  "azp": "416501247740-4aerep5pph23s0g6vakgo2gtaivem2jm.apps.googleusercontent.com",
  "aud": "416501247740-4aerep5pph23s0g6vakgo2gtaivem2jm.apps.googleusercontent.com",
  "sub": "101980230843264263979",
  "email": "biltektasarim@gmail.com",
  "email_verified": "true",
  "nbf": "1774548455",
  "name": "Cuma YILMAZ",
  "picture": "https://lh3.googleusercontent.com/a/ACg8ocJRTW4_FFMF4XB1HSKYruABWe_93ODQ0qy1HUXHVL096Q9m37o=s96-c",
  "given_name": "Cuma",
  "family_name": "YILMAZ",
  "iat": "1774548755",
  "exp": "1774552355",
  "jti": "579cc81c3f4fd2ea721d52f4ba5befdbb0ff5d55",
  "alg": "RS256",
  "kid": "a10e58df55e728566ec56bda6eb3bd45439f35d7",
  "typ": "JWT"
}
 

[2026-03-26 21:15:15] Google Login Attempt: 
HTTP Code: 200 
Response: {
  "iss": "https://accounts.google.com",
  "azp": "416501247740-4aerep5pph23s0g6vakgo2gtaivem2jm.apps.googleusercontent.com",
  "aud": "416501247740-4aerep5pph23s0g6vakgo2gtaivem2jm.apps.googleusercontent.com",
  "sub": "101980230843264263979",
  "email": "biltektasarim@gmail.com",
  "email_verified": "true",
  "nbf": "1774548614",
  "name": "Cuma YILMAZ",
  "picture": "https://lh3.googleusercontent.com/a/ACg8ocJRTW4_FFMF4XB1HSKYruABWe_93ODQ0qy1HUXHVL096Q9m37o=s96-c",
  "given_name": "Cuma",
  "family_name": "YILMAZ",
  "iat": "1774548914",
  "exp": "1774552514",
  "jti": "50911c9c9ac69ef69a4399643156457b64a45532",
  "alg": "RS256",
  "kid": "a10e58df55e728566ec56bda6eb3bd45439f35d7",
  "typ": "JWT"
}
 

[2026-03-26 21:18:28] Google Login Attempt: 
HTTP Code: 200 
Response: {
  "iss": "https://accounts.google.com",
  "azp": "416501247740-4aerep5pph23s0g6vakgo2gtaivem2jm.apps.googleusercontent.com",
  "aud": "416501247740-4aerep5pph23s0g6vakgo2gtaivem2jm.apps.googleusercontent.com",
  "sub": "101980230843264263979",
  "email": "biltektasarim@gmail.com",
  "email_verified": "true",
  "nbf": "1774548807",
  "name": "Cuma YILMAZ",
  "picture": "https://lh3.googleusercontent.com/a/ACg8ocJRTW4_FFMF4XB1HSKYruABWe_93ODQ0qy1HUXHVL096Q9m37o=s96-c",
  "given_name": "Cuma",
  "family_name": "YILMAZ",
  "iat": "1774549107",
  "exp": "1774552707",
  "jti": "8468d387dabc2f534cd162ee1ad326bd95edbd1b",
  "alg": "RS256",
  "kid": "a10e58df55e728566ec56bda6eb3bd45439f35d7",
  "typ": "JWT"
}
 

[2026-03-26 21:24:01] Google Login Attempt: 
HTTP Code: 200 
Response: {
  "iss": "https://accounts.google.com",
  "azp": "416501247740-4aerep5pph23s0g6vakgo2gtaivem2jm.apps.googleusercontent.com",
  "aud": "416501247740-4aerep5pph23s0g6vakgo2gtaivem2jm.apps.googleusercontent.com",
  "sub": "101980230843264263979",
  "email": "biltektasarim@gmail.com",
  "email_verified": "true",
  "nbf": "1774549140",
  "name": "Cuma YILMAZ",
  "picture": "https://lh3.googleusercontent.com/a/ACg8ocJRTW4_FFMF4XB1HSKYruABWe_93ODQ0qy1HUXHVL096Q9m37o=s96-c",
  "given_name": "Cuma",
  "family_name": "YILMAZ",
  "iat": "1774549440",
  "exp": "1774553040",
  "jti": "3555fd2b495eda899e46fe9d3a59911607baa1a9",
  "alg": "RS256",
  "kid": "a10e58df55e728566ec56bda6eb3bd45439f35d7",
  "typ": "JWT"
}
 

[2026-03-26 21:27:45] Google Login Attempt: 
HTTP Code: 200 
Response: {
  "iss": "https://accounts.google.com",
  "azp": "416501247740-4aerep5pph23s0g6vakgo2gtaivem2jm.apps.googleusercontent.com",
  "aud": "416501247740-4aerep5pph23s0g6vakgo2gtaivem2jm.apps.googleusercontent.com",
  "sub": "101980230843264263979",
  "email": "biltektasarim@gmail.com",
  "email_verified": "true",
  "nbf": "1774549363",
  "name": "Cuma YILMAZ",
  "picture": "https://lh3.googleusercontent.com/a/ACg8ocJRTW4_FFMF4XB1HSKYruABWe_93ODQ0qy1HUXHVL096Q9m37o=s96-c",
  "given_name": "Cuma",
  "family_name": "YILMAZ",
  "iat": "1774549663",
  "exp": "1774553263",
  "jti": "ed8ca6f8443f4e68aec67e1a5950a1eef48ff23d",
  "alg": "RS256",
  "kid": "a10e58df55e728566ec56bda6eb3bd45439f35d7",
  "typ": "JWT"
}
 

[2026-03-26 21:30:27] Google Login Attempt: 
HTTP Code: 200 
Response: {
  "iss": "https://accounts.google.com",
  "azp": "416501247740-4aerep5pph23s0g6vakgo2gtaivem2jm.apps.googleusercontent.com",
  "aud": "416501247740-4aerep5pph23s0g6vakgo2gtaivem2jm.apps.googleusercontent.com",
  "sub": "101980230843264263979",
  "email": "biltektasarim@gmail.com",
  "email_verified": "true",
  "nbf": "1774549526",
  "name": "Cuma YILMAZ",
  "picture": "https://lh3.googleusercontent.com/a/ACg8ocJRTW4_FFMF4XB1HSKYruABWe_93ODQ0qy1HUXHVL096Q9m37o=s96-c",
  "given_name": "Cuma",
  "family_name": "YILMAZ",
  "iat": "1774549826",
  "exp": "1774553426",
  "jti": "0133da89a36384c36a487b315704413ed088cfa2",
  "alg": "RS256",
  "kid": "a10e58df55e728566ec56bda6eb3bd45439f35d7",
  "typ": "JWT"
}
 

[2026-03-26 21:34:38] Google Login Attempt: 
HTTP Code: 200 
Response: {
  "iss": "https://accounts.google.com",
  "azp": "416501247740-4aerep5pph23s0g6vakgo2gtaivem2jm.apps.googleusercontent.com",
  "aud": "416501247740-4aerep5pph23s0g6vakgo2gtaivem2jm.apps.googleusercontent.com",
  "sub": "101980230843264263979",
  "email": "biltektasarim@gmail.com",
  "email_verified": "true",
  "nbf": "1774549777",
  "name": "Cuma YILMAZ",
  "picture": "https://lh3.googleusercontent.com/a/ACg8ocJRTW4_FFMF4XB1HSKYruABWe_93ODQ0qy1HUXHVL096Q9m37o=s96-c",
  "given_name": "Cuma",
  "family_name": "YILMAZ",
  "iat": "1774550077",
  "exp": "1774553677",
  "jti": "4339e8416da14bdcfa4d7c2fbe7650890155fe4e",
  "alg": "RS256",
  "kid": "a10e58df55e728566ec56bda6eb3bd45439f35d7",
  "typ": "JWT"
}
 

[2026-03-26 21:37:07] Google Login Attempt: 
HTTP Code: 200 
Response: {
  "iss": "https://accounts.google.com",
  "azp": "416501247740-4aerep5pph23s0g6vakgo2gtaivem2jm.apps.googleusercontent.com",
  "aud": "416501247740-4aerep5pph23s0g6vakgo2gtaivem2jm.apps.googleusercontent.com",
  "sub": "101980230843264263979",
  "email": "biltektasarim@gmail.com",
  "email_verified": "true",
  "nbf": "1774549925",
  "name": "Cuma YILMAZ",
  "picture": "https://lh3.googleusercontent.com/a/ACg8ocJRTW4_FFMF4XB1HSKYruABWe_93ODQ0qy1HUXHVL096Q9m37o=s96-c",
  "given_name": "Cuma",
  "family_name": "YILMAZ",
  "iat": "1774550225",
  "exp": "1774553825",
  "jti": "261c12fbe2e286d80e351c747bafc8f989fd116a",
  "alg": "RS256",
  "kid": "a10e58df55e728566ec56bda6eb3bd45439f35d7",
  "typ": "JWT"
}
 

[2026-03-26 21:39:46] Google Login Attempt: 
HTTP Code: 200 
Response: {
  "iss": "https://accounts.google.com",
  "azp": "416501247740-4aerep5pph23s0g6vakgo2gtaivem2jm.apps.googleusercontent.com",
  "aud": "416501247740-4aerep5pph23s0g6vakgo2gtaivem2jm.apps.googleusercontent.com",
  "sub": "101980230843264263979",
  "email": "biltektasarim@gmail.com",
  "email_verified": "true",
  "nbf": "1774550084",
  "name": "Cuma YILMAZ",
  "picture": "https://lh3.googleusercontent.com/a/ACg8ocJRTW4_FFMF4XB1HSKYruABWe_93ODQ0qy1HUXHVL096Q9m37o=s96-c",
  "given_name": "Cuma",
  "family_name": "YILMAZ",
  "iat": "1774550384",
  "exp": "1774553984",
  "jti": "d2d403f39abb3289e1d9649c1c9aa220e1586469",
  "alg": "RS256",
  "kid": "a10e58df55e728566ec56bda6eb3bd45439f35d7",
  "typ": "JWT"
}
 

[2026-03-26 21:44:18] Google Login Attempt: 
HTTP Code: 200 
Response: {
  "iss": "https://accounts.google.com",
  "azp": "416501247740-4aerep5pph23s0g6vakgo2gtaivem2jm.apps.googleusercontent.com",
  "aud": "416501247740-4aerep5pph23s0g6vakgo2gtaivem2jm.apps.googleusercontent.com",
  "sub": "101980230843264263979",
  "email": "biltektasarim@gmail.com",
  "email_verified": "true",
  "nbf": "1774550357",
  "name": "Cuma YILMAZ",
  "picture": "https://lh3.googleusercontent.com/a/ACg8ocJRTW4_FFMF4XB1HSKYruABWe_93ODQ0qy1HUXHVL096Q9m37o=s96-c",
  "given_name": "Cuma",
  "family_name": "YILMAZ",
  "iat": "1774550657",
  "exp": "1774554257",
  "jti": "68eaedbae117cb747c03425bb91133d64c6a02a3",
  "alg": "RS256",
  "kid": "a10e58df55e728566ec56bda6eb3bd45439f35d7",
  "typ": "JWT"
}
 

